INFO:root:Search Configuration:
Opponent: SELF
Rounds: 5
Fair Matches: False
Time Limit: 150
Processes: 1
ERROR:sample_players:[Errno 2] No such file or directory: 'data.pickle'
ERROR:sample_players:[Errno 2] No such file or directory: 'data.pickle'
INFO:isolation:Initial game state: Isolation(board=41523161203939122082683632224299007, ply_count=0, locs=(None, None))
First agent: Agent(agent_class=<class 'my_custom_player.CustomPlayer'>, name='Custom TestAgent')
Second agent: Agent(agent_class=<class 'my_custom_player.CustomPlayer'>, name='Custom Agent')

INFO:isolation:Agent(agent_class=<class 'my_custom_player.CustomPlayer'>, name='Custom TestAgent') get_action() method did not respond within 150 milliseconds
INFO:isolation:Status: Status.TIMEOUT
Final State: Isolation(board=41523161203939122082683632224299007, ply_count=0, locs=(None, None))
History: []
Winner: Agent(agent_class=<class 'my_custom_player.CustomPlayer'>, name='Custom Agent')
Loser: Agent(agent_class=<class 'my_custom_player.CustomPlayer'>, name='Custom TestAgent')

ERROR:sample_players:[Errno 2] No such file or directory: 'data.pickle'
ERROR:sample_players:[Errno 2] No such file or directory: 'data.pickle'
INFO:isolation:Initial game state: Isolation(board=41523161203939122082683632224299007, ply_count=0, locs=(None, None))
First agent: Agent(agent_class=<class 'my_custom_player.CustomPlayer'>, name='Custom Agent')
Second agent: Agent(agent_class=<class 'my_custom_player.CustomPlayer'>, name='Custom TestAgent')

INFO:isolation:Agent(agent_class=<class 'my_custom_player.CustomPlayer'>, name='Custom Agent') get_action() method did not respond within 150 milliseconds
INFO:isolation:Status: Status.TIMEOUT
Final State: Isolation(board=41523161203939122082683632224299007, ply_count=0, locs=(None, None))
History: []
Winner: Agent(agent_class=<class 'my_custom_player.CustomPlayer'>, name='Custom TestAgent')
Loser: Agent(agent_class=<class 'my_custom_player.CustomPlayer'>, name='Custom Agent')

ERROR:sample_players:[Errno 2] No such file or directory: 'data.pickle'
ERROR:sample_players:[Errno 2] No such file or directory: 'data.pickle'
INFO:isolation:Initial game state: Isolation(board=41523161203939122082683632224299007, ply_count=0, locs=(None, None))
First agent: Agent(agent_class=<class 'my_custom_player.CustomPlayer'>, name='Custom TestAgent')
Second agent: Agent(agent_class=<class 'my_custom_player.CustomPlayer'>, name='Custom Agent')

INFO:isolation:Agent(agent_class=<class 'my_custom_player.CustomPlayer'>, name='Custom TestAgent') get_action() method did not respond within 150 milliseconds
INFO:isolation:Status: Status.TIMEOUT
Final State: Isolation(board=41523161203939122082683632224299007, ply_count=0, locs=(None, None))
History: []
Winner: Agent(agent_class=<class 'my_custom_player.CustomPlayer'>, name='Custom Agent')
Loser: Agent(agent_class=<class 'my_custom_player.CustomPlayer'>, name='Custom TestAgent')

ERROR:sample_players:[Errno 2] No such file or directory: 'data.pickle'
ERROR:sample_players:[Errno 2] No such file or directory: 'data.pickle'
INFO:isolation:Initial game state: Isolation(board=41523161203939122082683632224299007, ply_count=0, locs=(None, None))
First agent: Agent(agent_class=<class 'my_custom_player.CustomPlayer'>, name='Custom Agent')
Second agent: Agent(agent_class=<class 'my_custom_player.CustomPlayer'>, name='Custom TestAgent')

INFO:isolation:Agent(agent_class=<class 'my_custom_player.CustomPlayer'>, name='Custom Agent') get_action() method did not respond within 150 milliseconds
INFO:isolation:Status: Status.TIMEOUT
Final State: Isolation(board=41523161203939122082683632224299007, ply_count=0, locs=(None, None))
History: []
Winner: Agent(agent_class=<class 'my_custom_player.CustomPlayer'>, name='Custom TestAgent')
Loser: Agent(agent_class=<class 'my_custom_player.CustomPlayer'>, name='Custom Agent')

ERROR:sample_players:[Errno 2] No such file or directory: 'data.pickle'
ERROR:sample_players:[Errno 2] No such file or directory: 'data.pickle'
INFO:isolation:Initial game state: Isolation(board=41523161203939122082683632224299007, ply_count=0, locs=(None, None))
First agent: Agent(agent_class=<class 'my_custom_player.CustomPlayer'>, name='Custom TestAgent')
Second agent: Agent(agent_class=<class 'my_custom_player.CustomPlayer'>, name='Custom Agent')

INFO:isolation:Agent(agent_class=<class 'my_custom_player.CustomPlayer'>, name='Custom TestAgent') get_action() method did not respond within 150 milliseconds
INFO:isolation:Status: Status.TIMEOUT
Final State: Isolation(board=41523161203939122082683632224299007, ply_count=0, locs=(None, None))
History: []
Winner: Agent(agent_class=<class 'my_custom_player.CustomPlayer'>, name='Custom Agent')
Loser: Agent(agent_class=<class 'my_custom_player.CustomPlayer'>, name='Custom TestAgent')

ERROR:sample_players:[Errno 2] No such file or directory: 'data.pickle'
ERROR:sample_players:[Errno 2] No such file or directory: 'data.pickle'
INFO:isolation:Initial game state: Isolation(board=41523161203939122082683632224299007, ply_count=0, locs=(None, None))
First agent: Agent(agent_class=<class 'my_custom_player.CustomPlayer'>, name='Custom Agent')
Second agent: Agent(agent_class=<class 'my_custom_player.CustomPlayer'>, name='Custom TestAgent')

INFO:isolation:Agent(agent_class=<class 'my_custom_player.CustomPlayer'>, name='Custom Agent') get_action() method did not respond within 150 milliseconds
INFO:isolation:Status: Status.TIMEOUT
Final State: Isolation(board=41523161203939122082683632224299007, ply_count=0, locs=(None, None))
History: []
Winner: Agent(agent_class=<class 'my_custom_player.CustomPlayer'>, name='Custom TestAgent')
Loser: Agent(agent_class=<class 'my_custom_player.CustomPlayer'>, name='Custom Agent')

ERROR:sample_players:[Errno 2] No such file or directory: 'data.pickle'
ERROR:sample_players:[Errno 2] No such file or directory: 'data.pickle'
INFO:isolation:Initial game state: Isolation(board=41523161203939122082683632224299007, ply_count=0, locs=(None, None))
First agent: Agent(agent_class=<class 'my_custom_player.CustomPlayer'>, name='Custom TestAgent')
Second agent: Agent(agent_class=<class 'my_custom_player.CustomPlayer'>, name='Custom Agent')

INFO:isolation:Agent(agent_class=<class 'my_custom_player.CustomPlayer'>, name='Custom TestAgent') get_action() method did not respond within 150 milliseconds
INFO:isolation:Status: Status.TIMEOUT
Final State: Isolation(board=41523161203939122082683632224299007, ply_count=0, locs=(None, None))
History: []
Winner: Agent(agent_class=<class 'my_custom_player.CustomPlayer'>, name='Custom Agent')
Loser: Agent(agent_class=<class 'my_custom_player.CustomPlayer'>, name='Custom TestAgent')

ERROR:sample_players:[Errno 2] No such file or directory: 'data.pickle'
ERROR:sample_players:[Errno 2] No such file or directory: 'data.pickle'
INFO:isolation:Initial game state: Isolation(board=41523161203939122082683632224299007, ply_count=0, locs=(None, None))
First agent: Agent(agent_class=<class 'my_custom_player.CustomPlayer'>, name='Custom Agent')
Second agent: Agent(agent_class=<class 'my_custom_player.CustomPlayer'>, name='Custom TestAgent')

INFO:isolation:Agent(agent_class=<class 'my_custom_player.CustomPlayer'>, name='Custom Agent') get_action() method did not respond within 150 milliseconds
INFO:isolation:Status: Status.TIMEOUT
Final State: Isolation(board=41523161203939122082683632224299007, ply_count=0, locs=(None, None))
History: []
Winner: Agent(agent_class=<class 'my_custom_player.CustomPlayer'>, name='Custom TestAgent')
Loser: Agent(agent_class=<class 'my_custom_player.CustomPlayer'>, name='Custom Agent')

ERROR:sample_players:[Errno 2] No such file or directory: 'data.pickle'
ERROR:sample_players:[Errno 2] No such file or directory: 'data.pickle'
INFO:isolation:Initial game state: Isolation(board=41523161203939122082683632224299007, ply_count=0, locs=(None, None))
First agent: Agent(agent_class=<class 'my_custom_player.CustomPlayer'>, name='Custom TestAgent')
Second agent: Agent(agent_class=<class 'my_custom_player.CustomPlayer'>, name='Custom Agent')

INFO:isolation:Agent(agent_class=<class 'my_custom_player.CustomPlayer'>, name='Custom TestAgent') get_action() method did not respond within 150 milliseconds
INFO:isolation:Status: Status.TIMEOUT
Final State: Isolation(board=41523161203939122082683632224299007, ply_count=0, locs=(None, None))
History: []
Winner: Agent(agent_class=<class 'my_custom_player.CustomPlayer'>, name='Custom Agent')
Loser: Agent(agent_class=<class 'my_custom_player.CustomPlayer'>, name='Custom TestAgent')

ERROR:sample_players:[Errno 2] No such file or directory: 'data.pickle'
ERROR:sample_players:[Errno 2] No such file or directory: 'data.pickle'
INFO:isolation:Initial game state: Isolation(board=41523161203939122082683632224299007, ply_count=0, locs=(None, None))
First agent: Agent(agent_class=<class 'my_custom_player.CustomPlayer'>, name='Custom Agent')
Second agent: Agent(agent_class=<class 'my_custom_player.CustomPlayer'>, name='Custom TestAgent')

INFO:isolation:Agent(agent_class=<class 'my_custom_player.CustomPlayer'>, name='Custom Agent') get_action() method did not respond within 150 milliseconds
INFO:isolation:Status: Status.TIMEOUT
Final State: Isolation(board=41523161203939122082683632224299007, ply_count=0, locs=(None, None))
History: []
Winner: Agent(agent_class=<class 'my_custom_player.CustomPlayer'>, name='Custom TestAgent')
Loser: Agent(agent_class=<class 'my_custom_player.CustomPlayer'>, name='Custom Agent')

INFO:__main__:Your agent won 50.0% of matches against Custom TestAgent
